2024-05-29T22:13:57.252+0500	INFO	app/main.go:28	Listen: 	{"address": "swag.dennic.uz:9050"}
2024-05-29T22:14:06.782+0500	INFO	app/main.go:39	api gateway service stops
2024-05-29T22:14:06.783+0500	ERROR	app/main.go:30	app run	{"error": "http: Server closed"}
main.main.func1
	/home/ali/Goland/dennic/dennic_api_gateway/cmd/app/main.go:30
2024-05-29T22:14:17.691+0500	INFO	app/main.go:28	Listen: 	{"address": "swag.dennic.uz:9050"}
2024-05-29T22:15:56.127+0500	WARN	regtool/handle_error.go:21	rpc error: code = Unknown desc = can't scan into dest[0]: unable to assign to *string
dennic_api_gateway/api/handlers/regtool.HandleError
	/home/ali/Goland/dennic/dennic_api_gateway/api/handlers/regtool/handle_error.go:21
dennic_api_gateway/api/handlers/v1.(*HandlerV1).Booking
	/home/ali/Goland/dennic/dennic_api_gateway/api/handlers/v1/booked_appointment.go:476
github.com/gin-gonic/gin.(*Context).Next
	/home/ali/go/pkg/mod/github.com/gin-gonic/gin@v1.9.1/context.go:174
dennic_api_gateway/api.NewRoute.NewAuthorizer.func2
	/home/ali/Goland/dennic/dennic_api_gateway/api/middleware/casbin/casbin.go:67
github.com/gin-gonic/gin.(*Context).Next
	/home/ali/go/pkg/mod/github.com/gin-gonic/gin@v1.9.1/context.go:174
dennic_api_gateway/api.NewRoute.GinTracing.func1
	/home/ali/Goland/dennic/dennic_api_gateway/api/middleware/tracing.go:31
github.com/gin-gonic/gin.(*Context).Next
	/home/ali/go/pkg/mod/github.com/gin-gonic/gin@v1.9.1/context.go:174
github.com/gin-gonic/gin.CustomRecoveryWithWriter.func1
	/home/ali/go/pkg/mod/github.com/gin-gonic/gin@v1.9.1/recovery.go:102
github.com/gin-gonic/gin.(*Context).Next
	/home/ali/go/pkg/mod/github.com/gin-gonic/gin@v1.9.1/context.go:174
github.com/gin-gonic/gin.LoggerWithConfig.func1
	/home/ali/go/pkg/mod/github.com/gin-gonic/gin@v1.9.1/logger.go:240
github.com/gin-gonic/gin.(*Context).Next
	/home/ali/go/pkg/mod/github.com/gin-gonic/gin@v1.9.1/context.go:174
github.com/gin-gonic/gin.(*Engine).handleHTTPRequest
	/home/ali/go/pkg/mod/github.com/gin-gonic/gin@v1.9.1/gin.go:620
github.com/gin-gonic/gin.(*Engine).ServeHTTP
	/home/ali/go/pkg/mod/github.com/gin-gonic/gin@v1.9.1/gin.go:576
net/http.serverHandler.ServeHTTP
	/usr/lib/go/src/net/http/server.go:3137
net/http.(*conn).serve
	/usr/lib/go/src/net/http/server.go:2039
2024-05-29T22:17:34.472+0500	WARN	regtool/handle_error.go:21	parsing time "2000-01-01 08:00:00 +0000 UTC" as "15:04": cannot parse "00-01-01 08:00:00 +0000 UTC" as ":"
dennic_api_gateway/api/handlers/regtool.HandleError
	/home/ali/Goland/dennic/dennic_api_gateway/api/handlers/regtool/handle_error.go:21
dennic_api_gateway/api/handlers/v1.(*HandlerV1).Booking
	/home/ali/Goland/dennic/dennic_api_gateway/api/handlers/v1/booked_appointment.go:502
github.com/gin-gonic/gin.(*Context).Next
	/home/ali/go/pkg/mod/github.com/gin-gonic/gin@v1.9.1/context.go:174
dennic_api_gateway/api.NewRoute.NewAuthorizer.func2
	/home/ali/Goland/dennic/dennic_api_gateway/api/middleware/casbin/casbin.go:67
github.com/gin-gonic/gin.(*Context).Next
	/home/ali/go/pkg/mod/github.com/gin-gonic/gin@v1.9.1/context.go:174
dennic_api_gateway/api.NewRoute.GinTracing.func1
	/home/ali/Goland/dennic/dennic_api_gateway/api/middleware/tracing.go:31
github.com/gin-gonic/gin.(*Context).Next
	/home/ali/go/pkg/mod/github.com/gin-gonic/gin@v1.9.1/context.go:174
github.com/gin-gonic/gin.CustomRecoveryWithWriter.func1
	/home/ali/go/pkg/mod/github.com/gin-gonic/gin@v1.9.1/recovery.go:102
github.com/gin-gonic/gin.(*Context).Next
	/home/ali/go/pkg/mod/github.com/gin-gonic/gin@v1.9.1/context.go:174
github.com/gin-gonic/gin.LoggerWithConfig.func1
	/home/ali/go/pkg/mod/github.com/gin-gonic/gin@v1.9.1/logger.go:240
github.com/gin-gonic/gin.(*Context).Next
	/home/ali/go/pkg/mod/github.com/gin-gonic/gin@v1.9.1/context.go:174
github.com/gin-gonic/gin.(*Engine).handleHTTPRequest
	/home/ali/go/pkg/mod/github.com/gin-gonic/gin@v1.9.1/gin.go:620
github.com/gin-gonic/gin.(*Engine).ServeHTTP
	/home/ali/go/pkg/mod/github.com/gin-gonic/gin@v1.9.1/gin.go:576
net/http.serverHandler.ServeHTTP
	/usr/lib/go/src/net/http/server.go:3137
net/http.(*conn).serve
	/usr/lib/go/src/net/http/server.go:2039
2024-05-29T22:23:40.994+0500	INFO	app/main.go:39	api gateway service stops
2024-05-29T22:23:40.995+0500	ERROR	app/main.go:30	app run	{"error": "http: Server closed"}
main.main.func1
	/home/ali/Goland/dennic/dennic_api_gateway/cmd/app/main.go:30
2024-05-29T22:23:42.621+0500	INFO	app/main.go:28	Listen: 	{"address": "swag.dennic.uz:9050"}
2024-05-29T22:27:43.587+0500	WARN	regtool/handle_error.go:21	rpc error: code = Unknown desc = ERROR: invalid input syntax for type uuid: "string" (SQLSTATE 22P02)
dennic_api_gateway/api/handlers/regtool.HandleError
	/home/ali/Goland/dennic/dennic_api_gateway/api/handlers/regtool/handle_error.go:21
dennic_api_gateway/api/handlers/v1.(*HandlerV1).CreateBookedAppointment
	/home/ali/Goland/dennic/dennic_api_gateway/api/handlers/v1/booked_appointment.go:60
github.com/gin-gonic/gin.(*Context).Next
	/home/ali/go/pkg/mod/github.com/gin-gonic/gin@v1.9.1/context.go:174
dennic_api_gateway/api.NewRoute.NewAuthorizer.func2
	/home/ali/Goland/dennic/dennic_api_gateway/api/middleware/casbin/casbin.go:67
github.com/gin-gonic/gin.(*Context).Next
	/home/ali/go/pkg/mod/github.com/gin-gonic/gin@v1.9.1/context.go:174
dennic_api_gateway/api.NewRoute.GinTracing.func1
	/home/ali/Goland/dennic/dennic_api_gateway/api/middleware/tracing.go:31
github.com/gin-gonic/gin.(*Context).Next
	/home/ali/go/pkg/mod/github.com/gin-gonic/gin@v1.9.1/context.go:174
github.com/gin-gonic/gin.CustomRecoveryWithWriter.func1
	/home/ali/go/pkg/mod/github.com/gin-gonic/gin@v1.9.1/recovery.go:102
github.com/gin-gonic/gin.(*Context).Next
	/home/ali/go/pkg/mod/github.com/gin-gonic/gin@v1.9.1/context.go:174
github.com/gin-gonic/gin.LoggerWithConfig.func1
	/home/ali/go/pkg/mod/github.com/gin-gonic/gin@v1.9.1/logger.go:240
github.com/gin-gonic/gin.(*Context).Next
	/home/ali/go/pkg/mod/github.com/gin-gonic/gin@v1.9.1/context.go:174
github.com/gin-gonic/gin.(*Engine).handleHTTPRequest
	/home/ali/go/pkg/mod/github.com/gin-gonic/gin@v1.9.1/gin.go:620
github.com/gin-gonic/gin.(*Engine).ServeHTTP
	/home/ali/go/pkg/mod/github.com/gin-gonic/gin@v1.9.1/gin.go:576
net/http.serverHandler.ServeHTTP
	/usr/lib/go/src/net/http/server.go:3137
net/http.(*conn).serve
	/usr/lib/go/src/net/http/server.go:2039
2024-05-29T22:28:05.170+0500	WARN	regtool/handle_error.go:21	rpc error: code = Unknown desc = ERROR: duplicate key value violates unique constraint "unique_appointment_datetime" (SQLSTATE 23505)
dennic_api_gateway/api/handlers/regtool.HandleError
	/home/ali/Goland/dennic/dennic_api_gateway/api/handlers/regtool/handle_error.go:21
dennic_api_gateway/api/handlers/v1.(*HandlerV1).CreateBookedAppointment
	/home/ali/Goland/dennic/dennic_api_gateway/api/handlers/v1/booked_appointment.go:104
github.com/gin-gonic/gin.(*Context).Next
	/home/ali/go/pkg/mod/github.com/gin-gonic/gin@v1.9.1/context.go:174
dennic_api_gateway/api.NewRoute.NewAuthorizer.func2
	/home/ali/Goland/dennic/dennic_api_gateway/api/middleware/casbin/casbin.go:67
github.com/gin-gonic/gin.(*Context).Next
	/home/ali/go/pkg/mod/github.com/gin-gonic/gin@v1.9.1/context.go:174
dennic_api_gateway/api.NewRoute.GinTracing.func1
	/home/ali/Goland/dennic/dennic_api_gateway/api/middleware/tracing.go:31
github.com/gin-gonic/gin.(*Context).Next
	/home/ali/go/pkg/mod/github.com/gin-gonic/gin@v1.9.1/context.go:174
github.com/gin-gonic/gin.CustomRecoveryWithWriter.func1
	/home/ali/go/pkg/mod/github.com/gin-gonic/gin@v1.9.1/recovery.go:102
github.com/gin-gonic/gin.(*Context).Next
	/home/ali/go/pkg/mod/github.com/gin-gonic/gin@v1.9.1/context.go:174
github.com/gin-gonic/gin.LoggerWithConfig.func1
	/home/ali/go/pkg/mod/github.com/gin-gonic/gin@v1.9.1/logger.go:240
github.com/gin-gonic/gin.(*Context).Next
	/home/ali/go/pkg/mod/github.com/gin-gonic/gin@v1.9.1/context.go:174
github.com/gin-gonic/gin.(*Engine).handleHTTPRequest
	/home/ali/go/pkg/mod/github.com/gin-gonic/gin@v1.9.1/gin.go:620
github.com/gin-gonic/gin.(*Engine).ServeHTTP
	/home/ali/go/pkg/mod/github.com/gin-gonic/gin@v1.9.1/gin.go:576
net/http.serverHandler.ServeHTTP
	/usr/lib/go/src/net/http/server.go:3137
net/http.(*conn).serve
	/usr/lib/go/src/net/http/server.go:2039
2024-05-29T22:34:02.090+0500	INFO	app/main.go:39	api gateway service stops
2024-05-29T22:34:02.092+0500	ERROR	app/main.go:30	app run	{"error": "http: Server closed"}
main.main.func1
	/home/ali/Goland/dennic/dennic_api_gateway/cmd/app/main.go:30
<<<<<<< HEAD
2024-05-30T17:56:23.789+0500	INFO	app/main.go:28	Listen: 	{"address": "swag.dennic.uz:9050"}
2024-05-30T17:57:59.747+0500	INFO	app/main.go:39	api gateway service stops
2024-05-30T17:57:59.747+0500	ERROR	app/main.go:30	app run	{"error": "http: Server closed"}
main.main.func1
	/home/bobur/GolandProjects/dennic/dennic_project/dennic_api_gateway/cmd/app/main.go:30
2024-05-30T17:58:39.404+0500	INFO	app/main.go:28	Listen: 	{"address": "swag.dennic.uz:9050"}
2024-05-30T18:02:35.819+0500	INFO	app/main.go:39	api gateway service stops
2024-05-30T18:02:35.820+0500	ERROR	app/main.go:30	app run	{"error": "http: Server closed"}
main.main.func1
	/home/bobur/GolandProjects/dennic/dennic_project/dennic_api_gateway/cmd/app/main.go:30
=======
2024-05-30T05:31:19.274+0500	INFO	app/main.go:28	Listen: 	{"address": "swag.dennic.uz:9050"}
2024-05-30T05:31:20.687+0500	INFO	app/main.go:39	api gateway service stops
2024-05-30T05:31:20.687+0500	ERROR	app/main.go:30	app run	{"error": "http: Server closed"}
main.main.func1
	/home/ali/Goland/dennic_project/dennic_api_gateway/cmd/app/main.go:30
>>>>>>> 6d25b58a68673ff32ae081ad547b2a3584aa05e3
